2017/10/16 22:16:28 [error] [php] Undefined variable: model (C:\wamp\www\autoescola\protected\views\site\login.php:28)
Stack trace:
#0 C:\wamp\www\autoescola\yii\framework\web\CController.php(869): SiteController->renderFile()
#1 C:\wamp\www\autoescola\yii\framework\web\CController.php(782): SiteController->renderPartial()
#2 C:\wamp\www\autoescola\protected\controllers\SiteController.php(33): SiteController->render()
#3 C:\wamp\www\autoescola\yii\framework\web\actions\CInlineAction.php(49): SiteController->actionIndex()
#4 C:\wamp\www\autoescola\yii\framework\web\CController.php(308): CInlineAction->runWithParams()
#5 C:\wamp\www\autoescola\yii\framework\web\CController.php(286): SiteController->runAction()
#6 C:\wamp\www\autoescola\yii\framework\web\CController.php(265): SiteController->runActionWithFilters()
#7 C:\wamp\www\autoescola\yii\framework\web\CWebApplication.php(282): SiteController->run()
#8 C:\wamp\www\autoescola\yii\framework\web\CWebApplication.php(141): CWebApplication->runController()
#9 C:\wamp\www\autoescola\yii\framework\base\CApplication.php(185): CWebApplication->processRequest()
#10 C:\wamp\www\autoescola\index.php(13): CWebApplication->run()
REQUEST_URI=/autoescola/index.php
in C:\wamp\www\autoescola\protected\views\site\login.php (28)
in C:\wamp\www\autoescola\protected\controllers\SiteController.php (33)
in C:\wamp\www\autoescola\index.php (13)
2017/10/16 22:34:12 [error] [php] Undefined variable: model (C:\wamp\www\autoescola\protected\views\site\login.php:28)
Stack trace:
#0 C:\wamp\www\autoescola\yii\framework\web\CController.php(869): SiteController->renderFile()
#1 C:\wamp\www\autoescola\yii\framework\web\CController.php(782): SiteController->renderPartial()
#2 C:\wamp\www\autoescola\protected\controllers\SiteController.php(33): SiteController->render()
#3 C:\wamp\www\autoescola\yii\framework\web\actions\CInlineAction.php(49): SiteController->actionIndex()
#4 C:\wamp\www\autoescola\yii\framework\web\CController.php(308): CInlineAction->runWithParams()
#5 C:\wamp\www\autoescola\yii\framework\web\CController.php(286): SiteController->runAction()
#6 C:\wamp\www\autoescola\yii\framework\web\CController.php(265): SiteController->runActionWithFilters()
#7 C:\wamp\www\autoescola\yii\framework\web\CWebApplication.php(282): SiteController->run()
#8 C:\wamp\www\autoescola\yii\framework\web\CWebApplication.php(141): CWebApplication->runController()
#9 C:\wamp\www\autoescola\yii\framework\base\CApplication.php(185): CWebApplication->processRequest()
#10 C:\wamp\www\autoescola\index.php(13): CWebApplication->run()
REQUEST_URI=/autoescola/index.php
in C:\wamp\www\autoescola\protected\views\site\login.php (28)
in C:\wamp\www\autoescola\protected\controllers\SiteController.php (33)
in C:\wamp\www\autoescola\index.php (13)
2017/10/16 22:35:40 [error] [php] Undefined variable: model (C:\wamp\www\autoescola\protected\views\site\login.php:28)
Stack trace:
#0 C:\wamp\www\autoescola\yii\framework\web\CController.php(869): SiteController->renderFile()
#1 C:\wamp\www\autoescola\yii\framework\web\CController.php(782): SiteController->renderPartial()
#2 C:\wamp\www\autoescola\protected\controllers\SiteController.php(33): SiteController->render()
#3 C:\wamp\www\autoescola\yii\framework\web\actions\CInlineAction.php(49): SiteController->actionIndex()
#4 C:\wamp\www\autoescola\yii\framework\web\CController.php(308): CInlineAction->runWithParams()
#5 C:\wamp\www\autoescola\yii\framework\web\CController.php(286): SiteController->runAction()
#6 C:\wamp\www\autoescola\yii\framework\web\CController.php(265): SiteController->runActionWithFilters()
#7 C:\wamp\www\autoescola\yii\framework\web\CWebApplication.php(282): SiteController->run()
#8 C:\wamp\www\autoescola\yii\framework\web\CWebApplication.php(141): CWebApplication->runController()
#9 C:\wamp\www\autoescola\yii\framework\base\CApplication.php(185): CWebApplication->processRequest()
#10 C:\wamp\www\autoescola\index.php(13): CWebApplication->run()
REQUEST_URI=/autoescola/index.php
in C:\wamp\www\autoescola\protected\views\site\login.php (28)
in C:\wamp\www\autoescola\protected\controllers\SiteController.php (33)
in C:\wamp\www\autoescola\index.php (13)
